2017.03.01 at 18:16:54.937 CST INFO  com.lenovo.newdevice.car.server.Launcher 15 main - Starting application.
2017.03.01 at 18:16:57.594 CST INFO  com.lenovo.newdevice.car.server.network.impl.MQBasedActivity 47 createSession - clientID:MessageBroker-1
2017.03.01 at 18:16:57.596 CST INFO  com.lenovo.newdevice.car.server.network.impl.MQBasedActivity 47 createSession - clientID:MessageBroadcaster-1
2017.03.01 at 18:16:57.599 CST INFO  com.lenovo.newdevice.car.server.network.impl.MQBasedActivity 47 createSession - clientID:CarListManager-1
2017.03.01 at 18:16:57.618 CST INFO  com.lenovo.newdevice.car.server.network.impl.MQBasedActivity 66 createProducer - creating Topic:Car-Message-Broadcast
2017.03.01 at 18:16:57.619 CST INFO  com.lenovo.newdevice.car.server.network.impl.MQBasedActivity 58 createConsumer - creating Topic:Car-Login-ptp
2017.03.01 at 18:16:57.619 CST INFO  com.lenovo.newdevice.car.server.network.impl.MQBasedActivity 58 createConsumer - creating Topic:Car-Message-Sender-ptp
2017.03.01 at 18:16:57.655 CST INFO  com.lenovo.newdevice.car.server.network.impl.MQBasedActivity 58 createConsumer - creating Topic:Car-Logout-ptp
2017.03.01 at 18:16:57.656 CST INFO  com.lenovo.newdevice.car.server.CarController$ServiceKeeper 89 onComponentStartResult - onComponentStartResult:BroadcasterImpl-true
2017.03.01 at 18:16:57.660 CST INFO  com.lenovo.newdevice.car.server.network.impl.MQBasedActivity 66 createProducer - creating Topic:Car-Message-Receiver-ptp
2017.03.01 at 18:16:57.666 CST INFO  com.lenovo.newdevice.car.server.CarController$ServiceKeeper 89 onComponentStartResult - onComponentStartResult:ClientManagerImpl-true
2017.03.01 at 18:16:57.668 CST INFO  com.lenovo.newdevice.car.server.CarController$ServiceKeeper 89 onComponentStartResult - onComponentStartResult:MessageBrokerImpl-true
2017.03.01 at 18:17:10.472 CST INFO  com.lenovo.newdevice.car.server.network.impl.MessageBrokerImpl 69 onIncomingMessage - PTPMessageContainer(target=Car(name=Car-Android, uuid=5da490dd-d1e3-40c3-9da5-bdd0c5869ae1), content=A)
2017.03.01 at 18:17:10.472 CST INFO  com.lenovo.newdevice.car.server.network.impl.MessageBrokerImpl 40 send - Sending msg to:Car(name=Car-Android, uuid=5da490dd-d1e3-40c3-9da5-bdd0c5869ae1)
2017.03.01 at 18:17:33.439 CST INFO  com.lenovo.newdevice.car.server.network.impl.MessageBrokerImpl 69 onIncomingMessage - PTPMessageContainer(target=Car(name=Car-Android, uuid=4a03b2e4-8e7a-4f1e-8543-7d49a4891943), content=Add)
2017.03.01 at 18:17:33.439 CST INFO  com.lenovo.newdevice.car.server.network.impl.MessageBrokerImpl 40 send - Sending msg to:Car(name=Car-Android, uuid=4a03b2e4-8e7a-4f1e-8543-7d49a4891943)
2017.03.01 at 18:17:36.543 CST INFO  com.lenovo.newdevice.car.server.network.impl.MessageBrokerImpl 69 onIncomingMessage - PTPMessageContainer(target=Car(name=Car-Android, uuid=66895727-91c7-4bbd-af90-8c76a0badfbb), content=Add)
2017.03.01 at 18:17:36.543 CST INFO  com.lenovo.newdevice.car.server.network.impl.MessageBrokerImpl 40 send - Sending msg to:Car(name=Car-Android, uuid=66895727-91c7-4bbd-af90-8c76a0badfbb)
2017.03.01 at 18:17:36.796 CST INFO  com.lenovo.newdevice.car.server.network.impl.MessageBrokerImpl 69 onIncomingMessage - PTPMessageContainer(target=Car(name=Car-Android, uuid=afa4d2e6-ce1c-41c4-93e6-18a2d9940341), content=Add)
2017.03.01 at 18:17:36.796 CST INFO  com.lenovo.newdevice.car.server.network.impl.MessageBrokerImpl 40 send - Sending msg to:Car(name=Car-Android, uuid=afa4d2e6-ce1c-41c4-93e6-18a2d9940341)
