2017.03.01 at 14:33:34.198 CST ERROR com.lenovo.newdevice.car.server.network.impl.BroadcasterImpl 33 onStart - javax.jms.JMSException: Broker not available
2017.03.01 at 14:33:36.210 CST ERROR com.lenovo.newdevice.car.server.network.impl.BroadcasterImpl 33 onStart - javax.jms.JMSException: Broker not available
2017.03.01 at 14:33:38.212 CST ERROR com.lenovo.newdevice.car.server.network.impl.BroadcasterImpl 33 onStart - javax.jms.JMSException: Broker not available
2017.03.01 at 14:33:40.219 CST ERROR com.lenovo.newdevice.car.server.network.impl.BroadcasterImpl 33 onStart - javax.jms.JMSException: Broker not available
2017.03.01 at 14:33:42.223 CST ERROR com.lenovo.newdevice.car.server.network.impl.BroadcasterImpl 33 onStart - javax.jms.JMSException: Broker not available
2017.03.01 at 14:33:44.241 CST ERROR com.lenovo.newdevice.car.server.network.impl.BroadcasterImpl 33 onStart - javax.jms.JMSException: Broker not available
2017.03.01 at 14:33:46.242 CST ERROR com.lenovo.newdevice.car.server.network.impl.BroadcasterImpl 33 onStart - javax.jms.JMSException: Broker not available
2017.03.01 at 14:33:48.237 CST ERROR com.lenovo.newdevice.car.server.network.impl.BroadcasterImpl 33 onStart - javax.jms.JMSException: Broker not available
2017.03.01 at 14:33:50.240 CST ERROR com.lenovo.newdevice.car.server.network.impl.BroadcasterImpl 33 onStart - javax.jms.JMSException: Broker not available
2017.03.01 at 14:33:52.254 CST ERROR com.lenovo.newdevice.car.server.network.impl.BroadcasterImpl 33 onStart - javax.jms.JMSException: Broker not available
2017.03.01 at 14:33:53.254 CST INFO  com.lenovo.newdevice.car.server.network.impl.MQBasedActivity 68 closeConnection - closing connection.
2017.03.01 at 14:33:54.278 CST ERROR com.lenovo.newdevice.car.server.network.impl.MessageBrokerImpl 57 onStart - javax.jms.JMSException: Broker not available
2017.03.01 at 14:33:54.279 CST INFO  com.lenovo.newdevice.car.server.network.impl.MQBasedActivity 68 closeConnection - closing connection.
2017.03.01 at 14:39:05.085 CST INFO  com.lenovo.newdevice.car.server.network.impl.MQBasedActivity 43 createSession - clientID:MessageBroadcaster-1
2017.03.01 at 14:39:05.107 CST INFO  com.lenovo.newdevice.car.server.network.impl.MQBasedActivity 62 createProducer - creating Topic:Car-Message-Broadcast
2017.03.01 at 14:39:05.174 CST INFO  com.lenovo.newdevice.car.server.network.impl.MQBasedActivity 43 createSession - clientID:null
2017.03.01 at 14:39:05.181 CST INFO  com.lenovo.newdevice.car.server.network.impl.MQBasedActivity 54 createConsumer - creating Topic:Car-Message-Broadcast
2017.03.01 at 14:39:05.207 CST INFO  com.lenovo.newdevice.car.server.network.impl.MQBasedActivity 68 closeConnection - closing connection.
2017.03.01 at 14:39:05.244 CST INFO  com.lenovo.newdevice.car.server.network.impl.MQBasedActivity 43 createSession - clientID:MessageBroker-1
2017.03.01 at 14:39:05.253 CST INFO  com.lenovo.newdevice.car.server.network.impl.MQBasedActivity 54 createConsumer - creating Topic:Car-Message-Sender-ptp
2017.03.01 at 14:39:05.260 CST INFO  com.lenovo.newdevice.car.server.network.impl.MQBasedActivity 62 createProducer - creating Topic:Car-Message-Receiver-ptp
2017.03.01 at 14:39:05.379 CST INFO  com.lenovo.newdevice.car.server.network.impl.MessageBrokerImpl 65 onIncomingMessage - ActiveMQObjectMessage {commandId = 5, responseRequired = true, messageId = ID:GUOHAO4XC0AFBKU-50758-1488350344862-21:1:1:1:1, originalDestination = null, originalTransactionId = null, producerId = ID:GUOHAO4XC0AFBKU-50758-1488350344862-21:1:1:1, destination = topic://Car-Message-Sender-ptp, transactionId = null, expiration = 0, timestamp = 1488350345373, arrival = 0, brokerInTime = 1488350345375, brokerOutTime = 1488350345378, correlationId = null, replyTo = null, persistent = true, type = null, priority = 4, groupID = null, groupSequence = 0, targetConsumerId = null, compressed = false, userID = null, content = org.apache.activemq.util.ByteSequence@14720803, marshalledProperties = org.apache.activemq.util.ByteSequence@3595b685, dataStructure = null, redeliveryCounter = 0, size = 0, properties = {ptp_client_id=MessageBroker-1}, readOnlyProperties = true, readOnlyBody = true, droppable = false}
2017.03.01 at 14:39:05.386 CST INFO  com.lenovo.newdevice.car.server.network.impl.MessageBrokerImpl 69 onIncomingMessage - PTPMessageContainer(target=Car(name=null, uuid=Android-XXXX), content=Hello!)
2017.03.01 at 14:39:05.387 CST ERROR com.lenovo.newdevice.car.server.network.impl.MessageBrokerImpl 43 send - javax.jms.IllegalStateException: The producer is closed
2017.03.01 at 14:39:05.391 CST INFO  com.lenovo.newdevice.car.server.network.impl.MQBasedActivity 68 closeConnection - closing connection.
2017.03.01 at 14:39:44.557 CST INFO  com.lenovo.newdevice.car.server.network.impl.MQBasedActivity 43 createSession - clientID:MessageBroadcaster-1
2017.03.01 at 14:39:44.576 CST INFO  com.lenovo.newdevice.car.server.network.impl.MQBasedActivity 62 createProducer - creating Topic:Car-Message-Broadcast
2017.03.01 at 14:39:44.654 CST INFO  com.lenovo.newdevice.car.server.network.impl.MQBasedActivity 43 createSession - clientID:null
2017.03.01 at 14:39:44.660 CST INFO  com.lenovo.newdevice.car.server.network.impl.MQBasedActivity 54 createConsumer - creating Topic:Car-Message-Broadcast
2017.03.01 at 14:39:44.673 CST INFO  com.lenovo.newdevice.car.server.network.impl.MQBasedActivity 68 closeConnection - closing connection.
2017.03.01 at 14:39:44.734 CST INFO  com.lenovo.newdevice.car.server.network.impl.MQBasedActivity 43 createSession - clientID:MessageBroker-1
2017.03.01 at 14:39:44.739 CST INFO  com.lenovo.newdevice.car.server.network.impl.MQBasedActivity 54 createConsumer - creating Topic:Car-Message-Sender-ptp
2017.03.01 at 14:39:44.741 CST INFO  com.lenovo.newdevice.car.server.network.impl.MQBasedActivity 62 createProducer - creating Topic:Car-Message-Receiver-ptp
2017.03.01 at 14:39:44.791 CST INFO  com.lenovo.newdevice.car.server.network.impl.MessageBrokerImpl 65 onIncomingMessage - ActiveMQObjectMessage {commandId = 5, responseRequired = true, messageId = ID:GUOHAO4XC0AFBKU-50850-1488350384413-21:1:1:1:1, originalDestination = null, originalTransactionId = null, producerId = ID:GUOHAO4XC0AFBKU-50850-1488350384413-21:1:1:1, destination = topic://Car-Message-Sender-ptp, transactionId = null, expiration = 0, timestamp = 1488350384789, arrival = 0, brokerInTime = 1488350384789, brokerOutTime = 1488350384790, correlationId = null, replyTo = null, persistent = true, type = null, priority = 4, groupID = null, groupSequence = 0, targetConsumerId = null, compressed = false, userID = null, content = org.apache.activemq.util.ByteSequence@14720803, marshalledProperties = org.apache.activemq.util.ByteSequence@3595b685, dataStructure = null, redeliveryCounter = 0, size = 0, properties = {ptp_client_id=MessageBroker-1}, readOnlyProperties = true, readOnlyBody = true, droppable = false}
2017.03.01 at 14:39:44.797 CST INFO  com.lenovo.newdevice.car.server.network.impl.MessageBrokerImpl 69 onIncomingMessage - PTPMessageContainer(target=Car(name=null, uuid=Android-XXXX), content=Hello!)
2017.03.01 at 14:39:44.797 CST ERROR com.lenovo.newdevice.car.server.network.impl.MessageBrokerImpl 43 send - javax.jms.IllegalStateException: The producer is closed
2017.03.01 at 14:39:44.799 CST INFO  com.lenovo.newdevice.car.server.network.impl.MQBasedActivity 68 closeConnection - closing connection.
2017.03.01 at 14:41:00.516 CST INFO  com.lenovo.newdevice.car.server.network.impl.MQBasedActivity 43 createSession - clientID:MessageBroadcaster-1
2017.03.01 at 14:41:00.541 CST INFO  com.lenovo.newdevice.car.server.network.impl.MQBasedActivity 62 createProducer - creating Topic:Car-Message-Broadcast
2017.03.01 at 14:41:00.609 CST INFO  com.lenovo.newdevice.car.server.network.impl.MQBasedActivity 43 createSession - clientID:null
2017.03.01 at 14:41:00.621 CST INFO  com.lenovo.newdevice.car.server.network.impl.MQBasedActivity 54 createConsumer - creating Topic:Car-Message-Broadcast
2017.03.01 at 14:41:00.642 CST INFO  com.lenovo.newdevice.car.server.network.impl.MQBasedActivity 68 closeConnection - closing connection.
2017.03.01 at 14:41:00.687 CST INFO  com.lenovo.newdevice.car.server.network.impl.MQBasedActivity 43 createSession - clientID:MessageBroker-1
2017.03.01 at 14:41:00.695 CST INFO  com.lenovo.newdevice.car.server.network.impl.MQBasedActivity 54 createConsumer - creating Topic:Car-Message-Sender-ptp
2017.03.01 at 14:41:00.699 CST INFO  com.lenovo.newdevice.car.server.network.impl.MQBasedActivity 62 createProducer - creating Topic:Car-Message-Receiver-ptp
2017.03.01 at 14:41:00.784 CST INFO  com.lenovo.newdevice.car.server.network.impl.MessageBrokerImpl 65 onIncomingMessage - ActiveMQObjectMessage {commandId = 5, responseRequired = true, messageId = ID:GUOHAO4XC0AFBKU-51005-1488350460377-21:1:1:1:1, originalDestination = null, originalTransactionId = null, producerId = ID:GUOHAO4XC0AFBKU-51005-1488350460377-21:1:1:1, destination = topic://Car-Message-Sender-ptp, transactionId = null, expiration = 0, timestamp = 1488350460778, arrival = 0, brokerInTime = 1488350460779, brokerOutTime = 1488350460780, correlationId = null, replyTo = null, persistent = true, type = null, priority = 4, groupID = null, groupSequence = 0, targetConsumerId = null, compressed = false, userID = null, content = org.apache.activemq.util.ByteSequence@228a9ca5, marshalledProperties = org.apache.activemq.util.ByteSequence@5ec3a32e, dataStructure = null, redeliveryCounter = 0, size = 0, properties = {ptp_client_id=MessageBroker-1}, readOnlyProperties = true, readOnlyBody = true, droppable = false}
2017.03.01 at 14:41:00.789 CST INFO  com.lenovo.newdevice.car.server.network.impl.MessageBrokerImpl 69 onIncomingMessage - PTPMessageContainer(target=Car(name=null, uuid=Android-XXXX), content=Hello!)
2017.03.01 at 14:41:00.789 CST ERROR com.lenovo.newdevice.car.server.network.impl.MessageBrokerImpl 43 send - javax.jms.IllegalStateException: The producer is closed
2017.03.01 at 14:41:00.790 CST INFO  com.lenovo.newdevice.car.server.network.impl.MQBasedActivity 68 closeConnection - closing connection.
2017.03.01 at 14:41:35.054 CST INFO  com.lenovo.newdevice.car.server.network.impl.MQBasedActivity 43 createSession - clientID:MessageBroker-1
2017.03.01 at 14:41:35.173 CST INFO  com.lenovo.newdevice.car.server.network.impl.MQBasedActivity 54 createConsumer - creating Topic:Car-Message-Sender-ptp
2017.03.01 at 14:41:35.189 CST INFO  com.lenovo.newdevice.car.server.network.impl.MQBasedActivity 62 createProducer - creating Topic:Car-Message-Receiver-ptp
2017.03.01 at 14:41:35.269 CST INFO  com.lenovo.newdevice.car.server.network.impl.MessageBrokerImpl 65 onIncomingMessage - ActiveMQObjectMessage {commandId = 5, responseRequired = true, messageId = ID:GUOHAO4XC0AFBKU-51224-1488350494894-13:1:1:1:1, originalDestination = null, originalTransactionId = null, producerId = ID:GUOHAO4XC0AFBKU-51224-1488350494894-13:1:1:1, destination = topic://Car-Message-Sender-ptp, transactionId = null, expiration = 0, timestamp = 1488350495265, arrival = 0, brokerInTime = 1488350495266, brokerOutTime = 1488350495266, correlationId = null, replyTo = null, persistent = true, type = null, priority = 4, groupID = null, groupSequence = 0, targetConsumerId = null, compressed = false, userID = null, content = org.apache.activemq.util.ByteSequence@777afa27, marshalledProperties = org.apache.activemq.util.ByteSequence@3a1d309e, dataStructure = null, redeliveryCounter = 0, size = 0, properties = {ptp_client_id=MessageBroker-1}, readOnlyProperties = true, readOnlyBody = true, droppable = false}
2017.03.01 at 14:41:35.275 CST INFO  com.lenovo.newdevice.car.server.network.impl.MessageBrokerImpl 69 onIncomingMessage - PTPMessageContainer(target=Car(name=null, uuid=Android-XXXX), content=Hello!)
2017.03.01 at 14:41:35.283 CST INFO  com.lenovo.newdevice.car.server.network.impl.MQBasedActivity 68 closeConnection - closing connection.
2017.03.01 at 15:02:09.097 CST INFO  com.lenovo.newdevice.car.server.network.impl.MQBasedActivity 43 createSession - clientID:MessageBroadcaster-1
2017.03.01 at 15:02:09.119 CST INFO  com.lenovo.newdevice.car.server.network.impl.MQBasedActivity 62 createProducer - creating Topic:Car-Message-Broadcast
2017.03.01 at 15:02:09.191 CST INFO  com.lenovo.newdevice.car.server.network.impl.MQBasedActivity 43 createSession - clientID:null
2017.03.01 at 15:02:09.195 CST INFO  com.lenovo.newdevice.car.server.network.impl.MQBasedActivity 54 createConsumer - creating Topic:Car-Message-Broadcast
2017.03.01 at 15:02:09.211 CST INFO  com.lenovo.newdevice.car.server.network.impl.MQBasedActivity 68 closeConnection - closing connection.
2017.03.01 at 15:02:09.246 CST INFO  com.lenovo.newdevice.car.server.network.impl.MQBasedActivity 43 createSession - clientID:MessageBroker-1
2017.03.01 at 15:02:09.252 CST INFO  com.lenovo.newdevice.car.server.network.impl.MQBasedActivity 54 createConsumer - creating Topic:Car-Message-Sender-ptp
2017.03.01 at 15:02:09.254 CST INFO  com.lenovo.newdevice.car.server.network.impl.MQBasedActivity 62 createProducer - creating Topic:Car-Message-Receiver-ptp
2017.03.01 at 15:02:09.340 CST INFO  com.lenovo.newdevice.car.server.network.impl.MessageBrokerImpl 64 onIncomingMessage - ActiveMQObjectMessage {commandId = 5, responseRequired = true, messageId = ID:GUOHAO4XC0AFBKU-54379-1488351728957-21:1:1:1:1, originalDestination = null, originalTransactionId = null, producerId = ID:GUOHAO4XC0AFBKU-54379-1488351728957-21:1:1:1, destination = topic://Car-Message-Sender-ptp, transactionId = null, expiration = 0, timestamp = 1488351729337, arrival = 0, brokerInTime = 1488351729337, brokerOutTime = 1488351729338, correlationId = null, replyTo = null, persistent = true, type = null, priority = 4, groupID = null, groupSequence = 0, targetConsumerId = null, compressed = false, userID = null, content = org.apache.activemq.util.ByteSequence@4e119300, marshalledProperties = org.apache.activemq.util.ByteSequence@472e2fc5, dataStructure = null, redeliveryCounter = 0, size = 0, properties = {ptp_client_id=MessageBroker-1}, readOnlyProperties = true, readOnlyBody = true, droppable = false}
2017.03.01 at 15:02:09.348 CST INFO  com.lenovo.newdevice.car.server.network.impl.MessageBrokerImpl 68 onIncomingMessage - PTPMessageContainer(target=Car(name=null, uuid=Android-XXXX), content=Hello!)
2017.03.01 at 15:02:09.349 CST ERROR com.lenovo.newdevice.car.server.network.impl.MessageBrokerImpl 42 send - javax.jms.IllegalStateException: The producer is closed
2017.03.01 at 15:02:09.351 CST INFO  com.lenovo.newdevice.car.server.network.impl.MQBasedActivity 68 closeConnection - closing connection.
2017.03.01 at 15:16:23.369 CST INFO  com.lenovo.newdevice.car.server.network.impl.MQBasedActivity 43 createSession - clientID:MessageBroadcaster-1
2017.03.01 at 15:16:23.405 CST INFO  com.lenovo.newdevice.car.server.network.impl.MQBasedActivity 62 createProducer - creating Topic:Car-Message-Broadcast
2017.03.01 at 15:16:23.550 CST INFO  com.lenovo.newdevice.car.server.network.impl.MQBasedActivity 43 createSession - clientID:null
2017.03.01 at 15:16:23.557 CST INFO  com.lenovo.newdevice.car.server.network.impl.MQBasedActivity 54 createConsumer - creating Topic:Car-Message-Broadcast
2017.03.01 at 15:16:23.596 CST INFO  com.lenovo.newdevice.car.server.network.impl.MQBasedActivity 68 closeConnection - closing connection.
2017.03.01 at 15:16:23.685 CST INFO  com.lenovo.newdevice.car.server.network.impl.MQBasedActivity 43 createSession - clientID:MessageBroker-1
2017.03.01 at 15:16:23.704 CST INFO  com.lenovo.newdevice.car.server.network.impl.MQBasedActivity 54 createConsumer - creating Topic:Car-Message-Sender-ptp
2017.03.01 at 15:16:23.709 CST INFO  com.lenovo.newdevice.car.server.network.impl.MQBasedActivity 62 createProducer - creating Topic:Car-Message-Receiver-ptp
2017.03.01 at 15:16:23.821 CST INFO  com.lenovo.newdevice.car.server.network.impl.MessageBrokerImpl 64 onIncomingMessage - ActiveMQObjectMessage {commandId = 5, responseRequired = true, messageId = ID:GUOHAO4XC0AFBKU-56949-1488352583214-21:1:1:1:1, originalDestination = null, originalTransactionId = null, producerId = ID:GUOHAO4XC0AFBKU-56949-1488352583214-21:1:1:1, destination = topic://Car-Message-Sender-ptp, transactionId = null, expiration = 0, timestamp = 1488352583817, arrival = 0, brokerInTime = 1488352583818, brokerOutTime = 1488352583818, correlationId = null, replyTo = null, persistent = true, type = null, priority = 4, groupID = null, groupSequence = 0, targetConsumerId = null, compressed = false, userID = null, content = org.apache.activemq.util.ByteSequence@607bd00d, marshalledProperties = org.apache.activemq.util.ByteSequence@152b784d, dataStructure = null, redeliveryCounter = 0, size = 0, properties = {ptp_client_id=MessageBroker-1}, readOnlyProperties = true, readOnlyBody = true, droppable = false}
2017.03.01 at 15:16:23.829 CST INFO  com.lenovo.newdevice.car.server.network.impl.MessageBrokerImpl 68 onIncomingMessage - PTPMessageContainer(target=Car(name=null, uuid=Android-XXXX), content=Hello!)
2017.03.01 at 15:16:23.830 CST ERROR com.lenovo.newdevice.car.server.network.impl.MessageBrokerImpl 42 send - javax.jms.IllegalStateException: The producer is closed
2017.03.01 at 15:16:23.836 CST INFO  com.lenovo.newdevice.car.server.network.impl.MQBasedActivity 68 closeConnection - closing connection.
2017.03.01 at 15:17:33.904 CST INFO  com.lenovo.newdevice.car.server.network.impl.MQBasedActivity 43 createSession - clientID:MessageBroadcaster-1
2017.03.01 at 15:17:33.926 CST INFO  com.lenovo.newdevice.car.server.network.impl.MQBasedActivity 62 createProducer - creating Topic:Car-Message-Broadcast
2017.03.01 at 15:17:34.064 CST INFO  com.lenovo.newdevice.car.server.network.impl.MQBasedActivity 43 createSession - clientID:null
2017.03.01 at 15:17:34.072 CST INFO  com.lenovo.newdevice.car.server.network.impl.MQBasedActivity 54 createConsumer - creating Topic:Car-Message-Broadcast
2017.03.01 at 15:17:34.093 CST INFO  com.lenovo.newdevice.car.server.network.impl.MQBasedActivity 68 closeConnection - closing connection.
2017.03.01 at 15:17:34.199 CST INFO  com.lenovo.newdevice.car.server.network.impl.MQBasedActivity 43 createSession - clientID:MessageBroker-1
2017.03.01 at 15:17:34.207 CST INFO  com.lenovo.newdevice.car.server.network.impl.MQBasedActivity 54 createConsumer - creating Topic:Car-Message-Sender-ptp
2017.03.01 at 15:17:34.209 CST INFO  com.lenovo.newdevice.car.server.network.impl.MQBasedActivity 62 createProducer - creating Topic:Car-Message-Receiver-ptp
2017.03.01 at 15:17:34.295 CST INFO  com.lenovo.newdevice.car.server.network.impl.MessageBrokerImpl 64 onIncomingMessage - ActiveMQObjectMessage {commandId = 5, responseRequired = true, messageId = ID:GUOHAO4XC0AFBKU-57322-1488352653759-21:1:1:1:1, originalDestination = null, originalTransactionId = null, producerId = ID:GUOHAO4XC0AFBKU-57322-1488352653759-21:1:1:1, destination = topic://Car-Message-Sender-ptp, transactionId = null, expiration = 0, timestamp = 1488352654291, arrival = 0, brokerInTime = 1488352654292, brokerOutTime = 1488352654293, correlationId = null, replyTo = null, persistent = true, type = null, priority = 4, groupID = null, groupSequence = 0, targetConsumerId = null, compressed = false, userID = null, content = org.apache.activemq.util.ByteSequence@607bd00d, marshalledProperties = org.apache.activemq.util.ByteSequence@152b784d, dataStructure = null, redeliveryCounter = 0, size = 0, properties = {ptp_client_id=MessageBroker-1}, readOnlyProperties = true, readOnlyBody = true, droppable = false}
2017.03.01 at 15:17:34.300 CST INFO  com.lenovo.newdevice.car.server.network.impl.MessageBrokerImpl 68 onIncomingMessage - PTPMessageContainer(target=Car(name=null, uuid=Android-XXXX), content=Hello!)
2017.03.01 at 15:17:34.302 CST ERROR com.lenovo.newdevice.car.server.network.impl.MessageBrokerImpl 42 send - javax.jms.IllegalStateException: The producer is closed
2017.03.01 at 15:17:34.305 CST INFO  com.lenovo.newdevice.car.server.network.impl.MQBasedActivity 68 closeConnection - closing connection.
2017.03.01 at 15:18:22.544 CST INFO  com.lenovo.newdevice.car.server.network.impl.MQBasedActivity 43 createSession - clientID:MessageBroadcaster-1
2017.03.01 at 15:18:22.570 CST INFO  com.lenovo.newdevice.car.server.network.impl.MQBasedActivity 62 createProducer - creating Topic:Car-Message-Broadcast
2017.03.01 at 15:18:22.676 CST INFO  com.lenovo.newdevice.car.server.network.impl.MQBasedActivity 43 createSession - clientID:null
2017.03.01 at 15:18:22.683 CST INFO  com.lenovo.newdevice.car.server.network.impl.MQBasedActivity 54 createConsumer - creating Topic:Car-Message-Broadcast
2017.03.01 at 15:18:22.698 CST INFO  com.lenovo.newdevice.car.server.network.impl.MQBasedActivity 68 closeConnection - closing connection.
2017.03.01 at 15:18:22.743 CST INFO  com.lenovo.newdevice.car.server.network.impl.MQBasedActivity 43 createSession - clientID:MessageBroker-1
2017.03.01 at 15:18:22.753 CST INFO  com.lenovo.newdevice.car.server.network.impl.MQBasedActivity 54 createConsumer - creating Topic:Car-Message-Sender-ptp
2017.03.01 at 15:18:22.757 CST INFO  com.lenovo.newdevice.car.server.network.impl.MQBasedActivity 62 createProducer - creating Topic:Car-Message-Receiver-ptp
2017.03.01 at 15:18:22.855 CST INFO  com.lenovo.newdevice.car.server.network.impl.MessageBrokerImpl 64 onIncomingMessage - ActiveMQObjectMessage {commandId = 5, responseRequired = true, messageId = ID:GUOHAO4XC0AFBKU-57502-1488352702399-21:1:1:1:1, originalDestination = null, originalTransactionId = null, producerId = ID:GUOHAO4XC0AFBKU-57502-1488352702399-21:1:1:1, destination = topic://Car-Message-Sender-ptp, transactionId = null, expiration = 0, timestamp = 1488352702853, arrival = 0, brokerInTime = 1488352702854, brokerOutTime = 1488352702854, correlationId = null, replyTo = null, persistent = true, type = null, priority = 4, groupID = null, groupSequence = 0, targetConsumerId = null, compressed = false, userID = null, content = org.apache.activemq.util.ByteSequence@678073bd, marshalledProperties = org.apache.activemq.util.ByteSequence@11eb3442, dataStructure = null, redeliveryCounter = 0, size = 0, properties = {ptp_client_id=MessageBroker-1}, readOnlyProperties = true, readOnlyBody = true, droppable = false}
2017.03.01 at 15:18:22.863 CST INFO  com.lenovo.newdevice.car.server.network.impl.MessageBrokerImpl 68 onIncomingMessage - PTPMessageContainer(target=Car(name=null, uuid=Android-XXXX), content=Hello!)
2017.03.01 at 15:18:22.864 CST ERROR com.lenovo.newdevice.car.server.network.impl.MessageBrokerImpl 42 send - javax.jms.IllegalStateException: The producer is closed
2017.03.01 at 15:18:22.871 CST INFO  com.lenovo.newdevice.car.server.network.impl.MQBasedActivity 68 closeConnection - closing connection.
2017.03.01 at 15:19:50.139 CST INFO  com.lenovo.newdevice.car.server.network.impl.MQBasedActivity 43 createSession - clientID:MessageBroadcaster-1
2017.03.01 at 15:19:50.168 CST INFO  com.lenovo.newdevice.car.server.network.impl.MQBasedActivity 62 createProducer - creating Topic:Car-Message-Broadcast
2017.03.01 at 15:19:50.250 CST INFO  com.lenovo.newdevice.car.server.network.impl.MQBasedActivity 43 createSession - clientID:null
2017.03.01 at 15:19:50.255 CST INFO  com.lenovo.newdevice.car.server.network.impl.MQBasedActivity 54 createConsumer - creating Topic:Car-Message-Broadcast
2017.03.01 at 15:19:50.277 CST INFO  com.lenovo.newdevice.car.server.network.impl.MQBasedActivity 68 closeConnection - closing connection.
2017.03.01 at 15:19:50.324 CST INFO  com.lenovo.newdevice.car.server.network.impl.MQBasedActivity 43 createSession - clientID:MessageBroker-1
2017.03.01 at 15:19:50.332 CST INFO  com.lenovo.newdevice.car.server.network.impl.MQBasedActivity 54 createConsumer - creating Topic:Car-Message-Sender-ptp
2017.03.01 at 15:19:50.335 CST INFO  com.lenovo.newdevice.car.server.network.impl.MQBasedActivity 62 createProducer - creating Topic:Car-Message-Receiver-ptp
2017.03.01 at 15:19:50.438 CST INFO  com.lenovo.newdevice.car.server.network.impl.MessageBrokerImpl 64 onIncomingMessage - ActiveMQObjectMessage {commandId = 5, responseRequired = true, messageId = ID:GUOHAO4XC0AFBKU-57846-1488352789994-21:1:1:1:1, originalDestination = null, originalTransactionId = null, producerId = ID:GUOHAO4XC0AFBKU-57846-1488352789994-21:1:1:1, destination = topic://Car-Message-Sender-ptp, transactionId = null, expiration = 0, timestamp = 1488352790435, arrival = 0, brokerInTime = 1488352790436, brokerOutTime = 1488352790436, correlationId = null, replyTo = null, persistent = true, type = null, priority = 4, groupID = null, groupSequence = 0, targetConsumerId = null, compressed = false, userID = null, content = org.apache.activemq.util.ByteSequence@27f16795, marshalledProperties = org.apache.activemq.util.ByteSequence@4c93a9e2, dataStructure = null, redeliveryCounter = 0, size = 0, properties = {ptp_client_id=MessageBroker-1}, readOnlyProperties = true, readOnlyBody = true, droppable = false}
2017.03.01 at 15:19:50.444 CST INFO  com.lenovo.newdevice.car.server.network.impl.MessageBrokerImpl 68 onIncomingMessage - PTPMessageContainer(target=Car(name=null, uuid=Android-XXXX), content=Hello!)
2017.03.01 at 15:19:50.445 CST ERROR com.lenovo.newdevice.car.server.network.impl.MessageBrokerImpl 42 send - javax.jms.IllegalStateException: The producer is closed
2017.03.01 at 15:19:50.445 CST INFO  com.lenovo.newdevice.car.server.network.impl.MQBasedActivity 68 closeConnection - closing connection.
2017.03.01 at 15:23:27.671 CST INFO  com.lenovo.newdevice.car.server.network.impl.MQBasedActivity 43 createSession - clientID:MessageBroadcaster-1
2017.03.01 at 15:23:27.697 CST INFO  com.lenovo.newdevice.car.server.network.impl.MQBasedActivity 62 createProducer - creating Topic:Car-Message-Broadcast
2017.03.01 at 15:23:27.777 CST INFO  com.lenovo.newdevice.car.server.network.impl.MQBasedActivity 43 createSession - clientID:null
2017.03.01 at 15:23:27.783 CST INFO  com.lenovo.newdevice.car.server.network.impl.MQBasedActivity 54 createConsumer - creating Topic:Car-Message-Broadcast
2017.03.01 at 15:23:27.798 CST INFO  com.lenovo.newdevice.car.server.network.impl.MQBasedActivity 68 closeConnection - closing connection.
2017.03.01 at 15:23:27.864 CST INFO  com.lenovo.newdevice.car.server.network.impl.MQBasedActivity 43 createSession - clientID:MessageBroker-1
2017.03.01 at 15:23:27.895 CST INFO  com.lenovo.newdevice.car.server.network.impl.MQBasedActivity 54 createConsumer - creating Topic:Car-Message-Sender-ptp
2017.03.01 at 15:23:27.899 CST INFO  com.lenovo.newdevice.car.server.network.impl.MQBasedActivity 62 createProducer - creating Topic:Car-Message-Receiver-ptp
2017.03.01 at 15:23:27.980 CST INFO  com.lenovo.newdevice.car.server.network.impl.MessageBrokerImpl 64 onIncomingMessage - ActiveMQObjectMessage {commandId = 5, responseRequired = true, messageId = ID:GUOHAO4XC0AFBKU-58329-1488353007503-21:1:1:1:1, originalDestination = null, originalTransactionId = null, producerId = ID:GUOHAO4XC0AFBKU-58329-1488353007503-21:1:1:1, destination = topic://Car-Message-Sender-ptp, transactionId = null, expiration = 0, timestamp = 1488353007977, arrival = 0, brokerInTime = 1488353007978, brokerOutTime = 1488353007979, correlationId = null, replyTo = null, persistent = true, type = null, priority = 4, groupID = null, groupSequence = 0, targetConsumerId = null, compressed = false, userID = null, content = org.apache.activemq.util.ByteSequence@594d392a, marshalledProperties = org.apache.activemq.util.ByteSequence@15ccff39, dataStructure = null, redeliveryCounter = 0, size = 0, properties = {ptp_client_id=MessageBroker-1}, readOnlyProperties = true, readOnlyBody = true, droppable = false}
2017.03.01 at 15:23:27.987 CST INFO  com.lenovo.newdevice.car.server.network.impl.MessageBrokerImpl 68 onIncomingMessage - PTPMessageContainer(target=Car(name=null, uuid=Android-XXXX), content=Hello!)
2017.03.01 at 15:23:27.988 CST ERROR com.lenovo.newdevice.car.server.network.impl.MessageBrokerImpl 42 send - javax.jms.IllegalStateException: The producer is closed
2017.03.01 at 15:23:27.990 CST INFO  com.lenovo.newdevice.car.server.network.impl.MQBasedActivity 68 closeConnection - closing connection.
2017.03.01 at 15:32:26.180 CST INFO  com.lenovo.newdevice.car.server.network.impl.MQBasedActivity 43 createSession - clientID:MessageBroadcaster-1
2017.03.01 at 15:32:26.214 CST INFO  com.lenovo.newdevice.car.server.network.impl.MQBasedActivity 62 createProducer - creating Topic:Car-Message-Broadcast
2017.03.01 at 15:32:26.294 CST INFO  com.lenovo.newdevice.car.server.network.impl.MQBasedActivity 43 createSession - clientID:null
2017.03.01 at 15:32:26.298 CST INFO  com.lenovo.newdevice.car.server.network.impl.MQBasedActivity 54 createConsumer - creating Topic:Car-Message-Broadcast
2017.03.01 at 15:32:26.321 CST INFO  com.lenovo.newdevice.car.server.network.impl.MQBasedActivity 68 closeConnection - closing connection.
2017.03.01 at 15:32:26.374 CST INFO  com.lenovo.newdevice.car.server.network.impl.MQBasedActivity 43 createSession - clientID:MessageBroker-1
2017.03.01 at 15:32:26.382 CST INFO  com.lenovo.newdevice.car.server.network.impl.MQBasedActivity 54 createConsumer - creating Topic:Car-Message-Sender-ptp
2017.03.01 at 15:32:26.391 CST INFO  com.lenovo.newdevice.car.server.network.impl.MQBasedActivity 62 createProducer - creating Topic:Car-Message-Receiver-ptp
2017.03.01 at 15:32:26.509 CST INFO  com.lenovo.newdevice.car.server.network.impl.MessageBrokerImpl 64 onIncomingMessage - ActiveMQObjectMessage {commandId = 5, responseRequired = true, messageId = ID:GUOHAO4XC0AFBKU-60035-1488353546011-21:1:1:1:1, originalDestination = null, originalTransactionId = null, producerId = ID:GUOHAO4XC0AFBKU-60035-1488353546011-21:1:1:1, destination = topic://Car-Message-Sender-ptp, transactionId = null, expiration = 0, timestamp = 1488353546505, arrival = 0, brokerInTime = 1488353546507, brokerOutTime = 1488353546507, correlationId = null, replyTo = null, persistent = true, type = null, priority = 4, groupID = null, groupSequence = 0, targetConsumerId = null, compressed = false, userID = null, content = org.apache.activemq.util.ByteSequence@50be906b, marshalledProperties = org.apache.activemq.util.ByteSequence@7ecd4dfb, dataStructure = null, redeliveryCounter = 0, size = 0, properties = {ptp_client_id=MessageBroker-1}, readOnlyProperties = true, readOnlyBody = true, droppable = false}
2017.03.01 at 15:32:26.514 CST INFO  com.lenovo.newdevice.car.server.network.impl.MessageBrokerImpl 68 onIncomingMessage - PTPMessageContainer(target=Car(name=null, uuid=Android-XXXX), content=Hello!)
2017.03.01 at 15:32:26.515 CST ERROR com.lenovo.newdevice.car.server.network.impl.MessageBrokerImpl 42 send - javax.jms.IllegalStateException: The producer is closed
2017.03.01 at 15:32:26.519 CST INFO  com.lenovo.newdevice.car.server.network.impl.MQBasedActivity 68 closeConnection - closing connection.
2017.03.01 at 15:32:58.870 CST INFO  com.lenovo.newdevice.car.server.network.impl.MQBasedActivity 43 createSession - clientID:MessageBroadcaster-1
2017.03.01 at 15:32:58.893 CST INFO  com.lenovo.newdevice.car.server.network.impl.MQBasedActivity 62 createProducer - creating Topic:Car-Message-Broadcast
2017.03.01 at 15:32:58.961 CST INFO  com.lenovo.newdevice.car.server.network.impl.MQBasedActivity 43 createSession - clientID:null
2017.03.01 at 15:32:58.968 CST INFO  com.lenovo.newdevice.car.server.network.impl.MQBasedActivity 54 createConsumer - creating Topic:Car-Message-Broadcast
2017.03.01 at 15:32:58.982 CST INFO  com.lenovo.newdevice.car.server.network.impl.MQBasedActivity 68 closeConnection - closing connection.
2017.03.01 at 15:32:59.050 CST INFO  com.lenovo.newdevice.car.server.network.impl.MQBasedActivity 43 createSession - clientID:MessageBroker-1
2017.03.01 at 15:32:59.061 CST INFO  com.lenovo.newdevice.car.server.network.impl.MQBasedActivity 54 createConsumer - creating Topic:Car-Message-Sender-ptp
2017.03.01 at 15:32:59.067 CST INFO  com.lenovo.newdevice.car.server.network.impl.MQBasedActivity 62 createProducer - creating Topic:Car-Message-Receiver-ptp
2017.03.01 at 15:32:59.184 CST INFO  com.lenovo.newdevice.car.server.network.impl.MQBasedActivity 68 closeConnection - closing connection.
2017.03.01 at 15:40:11.512 CST INFO  com.lenovo.newdevice.car.server.network.impl.MQBasedActivity 43 createSession - clientID:MessageBroadcaster-1
2017.03.01 at 15:40:11.533 CST INFO  com.lenovo.newdevice.car.server.network.impl.MQBasedActivity 62 createProducer - creating Topic:Car-Message-Broadcast
2017.03.01 at 15:40:11.606 CST INFO  com.lenovo.newdevice.car.server.network.impl.MQBasedActivity 43 createSession - clientID:null
2017.03.01 at 15:40:11.611 CST INFO  com.lenovo.newdevice.car.server.network.impl.MQBasedActivity 54 createConsumer - creating Topic:Car-Message-Broadcast
2017.03.01 at 15:40:11.625 CST INFO  com.lenovo.newdevice.car.server.network.impl.MQBasedActivity 68 closeConnection - closing connection.
2017.03.01 at 15:40:11.676 CST INFO  com.lenovo.newdevice.car.server.network.impl.MQBasedActivity 43 createSession - clientID:MessageBroker-1
2017.03.01 at 15:40:11.693 CST INFO  com.lenovo.newdevice.car.server.network.impl.MQBasedActivity 54 createConsumer - creating Topic:Car-Message-Sender-ptp
2017.03.01 at 15:40:11.702 CST INFO  com.lenovo.newdevice.car.server.network.impl.MQBasedActivity 62 createProducer - creating Topic:Car-Message-Receiver-ptp
2017.03.01 at 15:40:11.813 CST INFO  com.lenovo.newdevice.car.server.network.impl.MQBasedActivity 68 closeConnection - closing connection.
2017.03.01 at 15:40:41.954 CST INFO  com.lenovo.newdevice.car.server.network.impl.MQBasedActivity 43 createSession - clientID:MessageBroadcaster-1
2017.03.01 at 15:40:41.987 CST INFO  com.lenovo.newdevice.car.server.network.impl.MQBasedActivity 62 createProducer - creating Topic:Car-Message-Broadcast
2017.03.01 at 15:40:42.091 CST INFO  com.lenovo.newdevice.car.server.network.impl.MQBasedActivity 43 createSession - clientID:null
2017.03.01 at 15:40:42.104 CST INFO  com.lenovo.newdevice.car.server.network.impl.MQBasedActivity 54 createConsumer - creating Topic:Car-Message-Broadcast
2017.03.01 at 15:40:42.127 CST INFO  com.lenovo.newdevice.car.server.network.impl.MQBasedActivity 68 closeConnection - closing connection.
2017.03.01 at 15:40:42.187 CST INFO  com.lenovo.newdevice.car.server.network.impl.MQBasedActivity 43 createSession - clientID:MessageBroker-1
2017.03.01 at 15:40:42.206 CST INFO  com.lenovo.newdevice.car.server.network.impl.MQBasedActivity 54 createConsumer - creating Topic:Car-Message-Sender-ptp
2017.03.01 at 15:40:42.210 CST INFO  com.lenovo.newdevice.car.server.network.impl.MQBasedActivity 62 createProducer - creating Topic:Car-Message-Receiver-ptp
2017.03.01 at 15:40:42.395 CST INFO  com.lenovo.newdevice.car.server.network.impl.MQBasedActivity 68 closeConnection - closing connection.
2017.03.01 at 15:41:59.936 CST INFO  com.lenovo.newdevice.car.server.network.impl.MQBasedActivity 43 createSession - clientID:MessageBroadcaster-1
2017.03.01 at 15:42:00.165 CST INFO  com.lenovo.newdevice.car.server.network.impl.MQBasedActivity 62 createProducer - creating Topic:Car-Message-Broadcast
2017.03.01 at 15:42:00.330 CST INFO  com.lenovo.newdevice.car.server.network.impl.MQBasedActivity 43 createSession - clientID:null
2017.03.01 at 15:42:00.335 CST INFO  com.lenovo.newdevice.car.server.network.impl.MQBasedActivity 54 createConsumer - creating Topic:Car-Message-Broadcast
2017.03.01 at 15:42:00.349 CST INFO  com.lenovo.newdevice.car.server.network.impl.MQBasedActivity 68 closeConnection - closing connection.
2017.03.01 at 15:42:00.448 CST INFO  com.lenovo.newdevice.car.server.network.impl.MQBasedActivity 43 createSession - clientID:MessageBroker-1
2017.03.01 at 15:42:00.472 CST INFO  com.lenovo.newdevice.car.server.network.impl.MQBasedActivity 54 createConsumer - creating Topic:Car-Message-Sender-ptp
2017.03.01 at 15:42:00.476 CST INFO  com.lenovo.newdevice.car.server.network.impl.MQBasedActivity 62 createProducer - creating Topic:Car-Message-Receiver-ptp
2017.03.01 at 15:42:00.677 CST INFO  com.lenovo.newdevice.car.server.network.impl.MQBasedActivity 68 closeConnection - closing connection.
2017.03.01 at 15:49:12.979 CST INFO  com.lenovo.newdevice.car.server.network.impl.MQBasedActivity 43 createSession - clientID:MessageBroadcaster-1
2017.03.01 at 15:49:13.002 CST INFO  com.lenovo.newdevice.car.server.network.impl.MQBasedActivity 62 createProducer - creating Topic:Car-Message-Broadcast
2017.03.01 at 15:49:13.115 CST INFO  com.lenovo.newdevice.car.server.network.impl.MQBasedActivity 43 createSession - clientID:null
2017.03.01 at 15:49:13.120 CST INFO  com.lenovo.newdevice.car.server.network.impl.MQBasedActivity 54 createConsumer - creating Topic:Car-Message-Broadcast
2017.03.01 at 15:49:13.135 CST INFO  com.lenovo.newdevice.car.server.network.impl.MQBasedActivity 68 closeConnection - closing connection.
2017.03.01 at 15:49:13.173 CST INFO  com.lenovo.newdevice.car.server.network.impl.MQBasedActivity 43 createSession - clientID:MessageBroker-1
2017.03.01 at 15:49:13.180 CST INFO  com.lenovo.newdevice.car.server.network.impl.MQBasedActivity 54 createConsumer - creating Topic:Car-Message-Sender-ptp
2017.03.01 at 15:49:13.183 CST INFO  com.lenovo.newdevice.car.server.network.impl.MQBasedActivity 62 createProducer - creating Topic:Car-Message-Receiver-ptp
2017.03.01 at 15:49:13.275 CST INFO  com.lenovo.newdevice.car.server.network.impl.MQBasedActivity 68 closeConnection - closing connection.
2017.03.01 at 15:49:45.345 CST INFO  com.lenovo.newdevice.car.server.network.impl.MQBasedActivity 43 createSession - clientID:MessageBroadcaster-1
2017.03.01 at 15:49:45.365 CST INFO  com.lenovo.newdevice.car.server.network.impl.MQBasedActivity 62 createProducer - creating Topic:Car-Message-Broadcast
2017.03.01 at 15:49:45.448 CST INFO  com.lenovo.newdevice.car.server.network.impl.MQBasedActivity 43 createSession - clientID:null
2017.03.01 at 15:49:45.456 CST INFO  com.lenovo.newdevice.car.server.network.impl.MQBasedActivity 54 createConsumer - creating Topic:Car-Message-Broadcast
2017.03.01 at 15:49:45.478 CST INFO  com.lenovo.newdevice.car.server.network.impl.MQBasedActivity 68 closeConnection - closing connection.
2017.03.01 at 15:49:45.557 CST INFO  com.lenovo.newdevice.car.server.network.impl.MQBasedActivity 43 createSession - clientID:MessageBroker-1
2017.03.01 at 15:49:45.565 CST INFO  com.lenovo.newdevice.car.server.network.impl.MQBasedActivity 54 createConsumer - creating Topic:Car-Message-Sender-ptp
2017.03.01 at 15:49:45.570 CST INFO  com.lenovo.newdevice.car.server.network.impl.MQBasedActivity 62 createProducer - creating Topic:Car-Message-Receiver-ptp
2017.03.01 at 15:49:45.656 CST INFO  com.lenovo.newdevice.car.server.network.impl.MQBasedActivity 68 closeConnection - closing connection.
2017.03.01 at 16:08:15.100 CST INFO  com.lenovo.newdevice.car.server.network.impl.MQBasedActivity 43 createSession - clientID:MessageBroker-1
2017.03.01 at 16:08:15.125 CST ERROR com.lenovo.newdevice.car.server.network.impl.MessageBrokerImpl 57 onStart - javax.jms.InvalidClientIDException: Broker: localhost-Car - Client: MessageBroker-1 already connected from tcp://127.0.0.1:63064
2017.03.01 at 16:08:15.126 CST INFO  com.lenovo.newdevice.car.server.network.impl.MQBasedActivity 68 closeConnection - closing connection.
2017.03.01 at 16:08:53.030 CST INFO  com.lenovo.newdevice.car.server.network.impl.MQBasedActivity 43 createSession - clientID:MessageBroadcaster-1
2017.03.01 at 16:08:53.053 CST INFO  com.lenovo.newdevice.car.server.network.impl.MQBasedActivity 62 createProducer - creating Topic:Car-Message-Broadcast
2017.03.01 at 16:08:53.127 CST INFO  com.lenovo.newdevice.car.server.network.impl.MQBasedActivity 43 createSession - clientID:null
2017.03.01 at 16:08:53.132 CST INFO  com.lenovo.newdevice.car.server.network.impl.MQBasedActivity 54 createConsumer - creating Topic:Car-Message-Broadcast
2017.03.01 at 16:08:53.155 CST INFO  com.lenovo.newdevice.car.server.network.impl.MQBasedActivity 68 closeConnection - closing connection.
2017.03.01 at 16:08:53.189 CST INFO  com.lenovo.newdevice.car.server.network.impl.MQBasedActivity 43 createSession - clientID:MessageBroker-1
2017.03.01 at 16:08:53.209 CST INFO  com.lenovo.newdevice.car.server.network.impl.MQBasedActivity 54 createConsumer - creating Topic:Car-Message-Sender-ptp
2017.03.01 at 16:08:53.211 CST INFO  com.lenovo.newdevice.car.server.network.impl.MQBasedActivity 62 createProducer - creating Topic:Car-Message-Receiver-ptp
2017.03.01 at 16:08:53.314 CST INFO  com.lenovo.newdevice.car.server.network.impl.MQBasedActivity 68 closeConnection - closing connection.
2017.03.01 at 16:09:44.967 CST INFO  com.lenovo.newdevice.car.server.network.impl.MQBasedActivity 43 createSession - clientID:MessageBroadcaster-1
2017.03.01 at 16:09:44.995 CST INFO  com.lenovo.newdevice.car.server.network.impl.MQBasedActivity 62 createProducer - creating Topic:Car-Message-Broadcast
2017.03.01 at 16:09:45.083 CST INFO  com.lenovo.newdevice.car.server.network.impl.MQBasedActivity 43 createSession - clientID:null
2017.03.01 at 16:09:45.087 CST INFO  com.lenovo.newdevice.car.server.network.impl.MQBasedActivity 54 createConsumer - creating Topic:Car-Message-Broadcast
2017.03.01 at 16:09:45.108 CST INFO  com.lenovo.newdevice.car.server.network.impl.MQBasedActivity 68 closeConnection - closing connection.
2017.03.01 at 16:09:45.148 CST INFO  com.lenovo.newdevice.car.server.network.impl.MQBasedActivity 43 createSession - clientID:MessageBroker-1
2017.03.01 at 16:09:45.154 CST INFO  com.lenovo.newdevice.car.server.network.impl.MQBasedActivity 54 createConsumer - creating Topic:Car-Message-Sender-ptp
2017.03.01 at 16:09:45.157 CST INFO  com.lenovo.newdevice.car.server.network.impl.MQBasedActivity 62 createProducer - creating Topic:Car-Message-Receiver-ptp
2017.03.01 at 16:09:45.259 CST INFO  com.lenovo.newdevice.car.server.network.impl.MessageBrokerImpl 66 onIncomingMessage - {"target":{"uuid":"Android-XXXX"},"content":"Hello!"}
2017.03.01 at 16:09:45.264 CST INFO  com.lenovo.newdevice.car.server.network.impl.MessageBrokerImpl 68 onIncomingMessage - PTPMessageContainer(target=Car(name=null, uuid=Android-XXXX), content=Hello!)
2017.03.01 at 16:09:45.265 CST ERROR com.lenovo.newdevice.car.server.network.impl.MessageBrokerImpl 43 send - javax.jms.IllegalStateException: The producer is closed
2017.03.01 at 16:09:45.267 CST INFO  com.lenovo.newdevice.car.server.network.impl.MQBasedActivity 68 closeConnection - closing connection.
2017.03.01 at 16:10:12.925 CST INFO  com.lenovo.newdevice.car.server.network.impl.MQBasedActivity 43 createSession - clientID:MessageBroadcaster-1
2017.03.01 at 16:10:12.982 CST INFO  com.lenovo.newdevice.car.server.network.impl.MQBasedActivity 62 createProducer - creating Topic:Car-Message-Broadcast
2017.03.01 at 16:10:13.091 CST INFO  com.lenovo.newdevice.car.server.network.impl.MQBasedActivity 43 createSession - clientID:null
2017.03.01 at 16:10:13.099 CST INFO  com.lenovo.newdevice.car.server.network.impl.MQBasedActivity 54 createConsumer - creating Topic:Car-Message-Broadcast
2017.03.01 at 16:10:13.117 CST INFO  com.lenovo.newdevice.car.server.network.impl.MQBasedActivity 68 closeConnection - closing connection.
2017.03.01 at 16:10:13.167 CST INFO  com.lenovo.newdevice.car.server.network.impl.MQBasedActivity 43 createSession - clientID:MessageBroker-1
2017.03.01 at 16:10:13.174 CST INFO  com.lenovo.newdevice.car.server.network.impl.MQBasedActivity 54 createConsumer - creating Topic:Car-Message-Sender-ptp
2017.03.01 at 16:10:13.177 CST INFO  com.lenovo.newdevice.car.server.network.impl.MQBasedActivity 62 createProducer - creating Topic:Car-Message-Receiver-ptp
2017.03.01 at 16:10:13.372 CST INFO  com.lenovo.newdevice.car.server.network.impl.MessageBrokerImpl 66 onIncomingMessage - {"target":{"uuid":"Android-XXXX"},"content":"Hello!"}
2017.03.01 at 16:10:13.378 CST INFO  com.lenovo.newdevice.car.server.network.impl.MessageBrokerImpl 68 onIncomingMessage - PTPMessageContainer(target=Car(name=null, uuid=Android-XXXX), content=Hello!)
2017.03.01 at 16:10:13.378 CST ERROR com.lenovo.newdevice.car.server.network.impl.MessageBrokerImpl 43 send - javax.jms.IllegalStateException: The producer is closed
2017.03.01 at 16:10:13.381 CST INFO  com.lenovo.newdevice.car.server.network.impl.MQBasedActivity 68 closeConnection - closing connection.
2017.03.01 at 16:15:14.004 CST INFO  com.lenovo.newdevice.car.server.network.impl.MQBasedActivity 43 createSession - clientID:MessageBroadcaster-1
2017.03.01 at 16:15:14.025 CST INFO  com.lenovo.newdevice.car.server.network.impl.MQBasedActivity 62 createProducer - creating Topic:Car-Message-Broadcast
2017.03.01 at 16:15:14.096 CST INFO  com.lenovo.newdevice.car.server.network.impl.MQBasedActivity 43 createSession - clientID:null
2017.03.01 at 16:15:14.102 CST INFO  com.lenovo.newdevice.car.server.network.impl.MQBasedActivity 54 createConsumer - creating Topic:Car-Message-Broadcast
2017.03.01 at 16:15:14.119 CST INFO  com.lenovo.newdevice.car.server.network.impl.MQBasedActivity 68 closeConnection - closing connection.
2017.03.01 at 16:15:14.162 CST INFO  com.lenovo.newdevice.car.server.network.impl.MQBasedActivity 43 createSession - clientID:MessageBroker-1
2017.03.01 at 16:15:14.167 CST INFO  com.lenovo.newdevice.car.server.network.impl.MQBasedActivity 54 createConsumer - creating Topic:Car-Message-Sender-ptp
2017.03.01 at 16:15:14.169 CST INFO  com.lenovo.newdevice.car.server.network.impl.MQBasedActivity 62 createProducer - creating Topic:Car-Message-Receiver-ptp
2017.03.01 at 16:15:14.349 CST INFO  com.lenovo.newdevice.car.server.network.impl.MessageBrokerImpl 68 onIncomingMessage - {"target":{"uuid":"Android-XXXX"},"content":"Hello!"}
2017.03.01 at 16:15:14.353 CST INFO  com.lenovo.newdevice.car.server.network.impl.MessageBrokerImpl 70 onIncomingMessage - PTPMessageContainer(target=Car(name=null, uuid=Android-XXXX), content=Hello!)
2017.03.01 at 16:15:14.356 CST INFO  com.lenovo.newdevice.car.server.network.impl.MessageBrokerImpl 39 send - ActiveMQBytesMessage {commandId = 0, responseRequired = false, messageId = null, originalDestination = null, originalTransactionId = null, producerId = null, destination = null, transactionId = null, expiration = 0, timestamp = 0, arrival = 0, brokerInTime = 0, brokerOutTime = 0, correlationId = null, replyTo = null, persistent = false, type = null, priority = 0, groupID = null, groupSequence = 0, targetConsumerId = null, compressed = false, userID = null, content = null, marshalledProperties = null, dataStructure = null, redeliveryCounter = 0, size = 0, properties = null, readOnlyProperties = false, readOnlyBody = false, droppable = false} ActiveMQBytesMessage{ bytesOut = null, dataOut = null, dataIn = null }
2017.03.01 at 16:15:14.359 CST INFO  com.lenovo.newdevice.car.server.network.impl.MessageBrokerImpl 40 send - Car(name=null, uuid=Android-XXXX)
2017.03.01 at 16:15:14.360 CST ERROR com.lenovo.newdevice.car.server.network.impl.MessageBrokerImpl 45 send - javax.jms.IllegalStateException: The producer is closed
2017.03.01 at 16:15:14.363 CST INFO  com.lenovo.newdevice.car.server.network.impl.MQBasedActivity 68 closeConnection - closing connection.
2017.03.01 at 16:15:35.621 CST INFO  com.lenovo.newdevice.car.server.network.impl.MQBasedActivity 43 createSession - clientID:MessageBroadcaster-1
2017.03.01 at 16:15:35.642 CST INFO  com.lenovo.newdevice.car.server.network.impl.MQBasedActivity 62 createProducer - creating Topic:Car-Message-Broadcast
2017.03.01 at 16:15:35.716 CST INFO  com.lenovo.newdevice.car.server.network.impl.MQBasedActivity 43 createSession - clientID:null
2017.03.01 at 16:15:35.729 CST INFO  com.lenovo.newdevice.car.server.network.impl.MQBasedActivity 54 createConsumer - creating Topic:Car-Message-Broadcast
2017.03.01 at 16:15:35.757 CST INFO  com.lenovo.newdevice.car.server.network.impl.MQBasedActivity 68 closeConnection - closing connection.
2017.03.01 at 16:15:35.838 CST INFO  com.lenovo.newdevice.car.server.network.impl.MQBasedActivity 43 createSession - clientID:MessageBroker-1
2017.03.01 at 16:15:35.847 CST INFO  com.lenovo.newdevice.car.server.network.impl.MQBasedActivity 54 createConsumer - creating Topic:Car-Message-Sender-ptp
2017.03.01 at 16:15:35.851 CST INFO  com.lenovo.newdevice.car.server.network.impl.MQBasedActivity 62 createProducer - creating Topic:Car-Message-Receiver-ptp
2017.03.01 at 16:15:36.033 CST INFO  com.lenovo.newdevice.car.server.network.impl.MessageBrokerImpl 68 onIncomingMessage - {"target":{"uuid":"Android-XXXX"},"content":"Hello!"}
2017.03.01 at 16:15:36.038 CST INFO  com.lenovo.newdevice.car.server.network.impl.MessageBrokerImpl 70 onIncomingMessage - PTPMessageContainer(target=Car(name=null, uuid=Android-XXXX), content=Hello!)
2017.03.01 at 16:15:36.039 CST INFO  com.lenovo.newdevice.car.server.network.impl.MessageBrokerImpl 39 send - ActiveMQBytesMessage {commandId = 0, responseRequired = false, messageId = null, originalDestination = null, originalTransactionId = null, producerId = null, destination = null, transactionId = null, expiration = 0, timestamp = 0, arrival = 0, brokerInTime = 0, brokerOutTime = 0, correlationId = null, replyTo = null, persistent = false, type = null, priority = 0, groupID = null, groupSequence = 0, targetConsumerId = null, compressed = false, userID = null, content = null, marshalledProperties = null, dataStructure = null, redeliveryCounter = 0, size = 0, properties = null, readOnlyProperties = false, readOnlyBody = false, droppable = false} ActiveMQBytesMessage{ bytesOut = null, dataOut = null, dataIn = null }
2017.03.01 at 16:15:36.041 CST INFO  com.lenovo.newdevice.car.server.network.impl.MessageBrokerImpl 40 send - Car(name=null, uuid=Android-XXXX)
2017.03.01 at 16:15:36.051 CST INFO  com.lenovo.newdevice.car.server.network.impl.MQBasedActivity 68 closeConnection - closing connection.
2017.03.01 at 16:16:51.521 CST INFO  com.lenovo.newdevice.car.server.network.impl.MQBasedActivity 43 createSession - clientID:MessageBroadcaster-1
2017.03.01 at 16:16:51.569 CST INFO  com.lenovo.newdevice.car.server.network.impl.MQBasedActivity 62 createProducer - creating Topic:Car-Message-Broadcast
2017.03.01 at 16:16:51.733 CST INFO  com.lenovo.newdevice.car.server.network.impl.MQBasedActivity 43 createSession - clientID:null
2017.03.01 at 16:16:51.739 CST INFO  com.lenovo.newdevice.car.server.network.impl.MQBasedActivity 54 createConsumer - creating Topic:Car-Message-Broadcast
2017.03.01 at 16:16:51.785 CST INFO  com.lenovo.newdevice.car.server.network.impl.MQBasedActivity 68 closeConnection - closing connection.
2017.03.01 at 16:16:51.891 CST INFO  com.lenovo.newdevice.car.server.network.impl.MQBasedActivity 43 createSession - clientID:MessageBroker-1
2017.03.01 at 16:16:51.922 CST INFO  com.lenovo.newdevice.car.server.network.impl.MQBasedActivity 54 createConsumer - creating Topic:Car-Message-Sender-ptp
2017.03.01 at 16:16:51.933 CST INFO  com.lenovo.newdevice.car.server.network.impl.MQBasedActivity 62 createProducer - creating Topic:Car-Message-Receiver-ptp
2017.03.01 at 16:16:52.133 CST INFO  com.lenovo.newdevice.car.server.network.impl.MessageBrokerImpl 67 onIncomingMessage - {"target":{"uuid":"Android-XXXX"},"content":"Hello!"}
2017.03.01 at 16:16:52.139 CST INFO  com.lenovo.newdevice.car.server.network.impl.MessageBrokerImpl 69 onIncomingMessage - PTPMessageContainer(target=Car(name=null, uuid=Android-XXXX), content=Hello!)
2017.03.01 at 16:16:52.140 CST INFO  com.lenovo.newdevice.car.server.network.impl.MessageBrokerImpl 39 send - Sending msg to:Car(name=null, uuid=Android-XXXX)
2017.03.01 at 16:16:52.156 CST INFO  com.lenovo.newdevice.car.server.network.impl.MQBasedActivity 68 closeConnection - closing connection.
2017.03.01 at 16:17:15.963 CST INFO  com.lenovo.newdevice.car.server.network.impl.MQBasedActivity 43 createSession - clientID:MessageBroadcaster-1
2017.03.01 at 16:17:16.021 CST INFO  com.lenovo.newdevice.car.server.network.impl.MQBasedActivity 62 createProducer - creating Topic:Car-Message-Broadcast
2017.03.01 at 16:17:16.129 CST INFO  com.lenovo.newdevice.car.server.network.impl.MQBasedActivity 43 createSession - clientID:null
2017.03.01 at 16:17:16.133 CST INFO  com.lenovo.newdevice.car.server.network.impl.MQBasedActivity 54 createConsumer - creating Topic:Car-Message-Broadcast
2017.03.01 at 16:17:16.147 CST INFO  com.lenovo.newdevice.car.server.network.impl.MQBasedActivity 68 closeConnection - closing connection.
2017.03.01 at 16:17:16.186 CST INFO  com.lenovo.newdevice.car.server.network.impl.MQBasedActivity 43 createSession - clientID:MessageBroker-1
2017.03.01 at 16:17:16.194 CST INFO  com.lenovo.newdevice.car.server.network.impl.MQBasedActivity 54 createConsumer - creating Topic:Car-Message-Sender-ptp
2017.03.01 at 16:17:16.197 CST INFO  com.lenovo.newdevice.car.server.network.impl.MQBasedActivity 62 createProducer - creating Topic:Car-Message-Receiver-ptp
2017.03.01 at 16:17:16.377 CST INFO  com.lenovo.newdevice.car.server.network.impl.MessageBrokerImpl 67 onIncomingMessage - {"target":{"uuid":"Android-XXXX"},"content":"Hello!"}
2017.03.01 at 16:17:16.382 CST INFO  com.lenovo.newdevice.car.server.network.impl.MessageBrokerImpl 69 onIncomingMessage - PTPMessageContainer(target=Car(name=null, uuid=Android-XXXX), content=Hello!)
2017.03.01 at 16:17:16.382 CST INFO  com.lenovo.newdevice.car.server.network.impl.MessageBrokerImpl 39 send - Sending msg to:Car(name=null, uuid=Android-XXXX)
2017.03.01 at 16:17:16.394 CST INFO  com.lenovo.newdevice.car.server.network.impl.MQBasedActivity 68 closeConnection - closing connection.
